"../../../TreeSim/Content/KiteDemo/LevelContent/Blueprints/Assets/FogBrightnessLUT.uasset" 0
"../../../TreeSim/Content/KiteDemo/LevelContent/Blueprints/Assets/SunlightColorLUT.uasset" 1
"../../../TreeSim/Content/KiteDemo/LevelContent/Blueprints/Assets/M_LightStage_Arrows.uasset" 2
"../../../Engine/Content/MapTemplates/Sky/DaylightAmbientCubemap.uasset" 3
"../../../TreeSim/Content/KiteDemo/LevelContent/Blueprints/Assets/M_LightStage_Skybox_Master.uasset" 4
"../../../TreeSim/Content/KiteDemo/LevelContent/Blueprints/Assets/M_LightStage_Skybox_Black.uasset" 5
"../../../TreeSim/Content/KiteDemo/LevelContent/Blueprints/Assets/M_LightStage_Skybox_HDRI.uasset" 6
"../../../Engine/Content/EditorMaterials/Thumbnails/SkySphereMaterial.uasset" 7
"../../../TreeSim/Content/KiteDemo/LevelContent/Blueprints/Assets/Skybox.uasset" 8
"../../../Engine/Content/Functions/Engine_MaterialFunctions01/Opacity/CameraDepthFade.uasset" 9
"../../../Engine/Content/EngineMaterials/T_Default_Material_Grid_M.uasset" 10
"../../../Engine/Content/EngineMaterials/T_Default_Material_Grid_N.uasset" 11
"../../../Engine/Content/EngineMaterials/WorldGridMaterial.uasset" 12
"../../../TreeSim/Content/KiteDemo/LevelContent/Blueprints/Assets/SM_Arrows.uasset" 13
"../../../TreeSim/Content/KiteDemo/LevelContent/HDRI/HDRI_Epic_Courtyard_Daylight.uasset" 14
"../../../TreeSim/Content/KiteDemo/LevelContent/Blueprints/BP_LightStudio.uasset" 15
"../../../TreeSim/Content/KiteDemo/Environments/GroundTiles/Grass/T_Ground_Grass_N.uasset" 16
"../../../TreeSim/Content/KiteDemo/Environments/GroundTiles/Grass/T_GDC_Grass01_D_NoisyAlpha.uasset" 17
"../../../TreeSim/Content/KiteDemo/Environments/GroundTiles/Grass/T_MacroVariation.uasset" 18
"../../../TreeSim/Content/KiteDemo/Environments/GroundTiles/Grass/T_Perlin_Noise_M.uasset" 19
"../../../TreeSim/Content/KiteDemo/Environments/GroundTiles/LeafyPath/T_GDC_Tiling_LeafpathStones_N.uasset" 20
"../../../TreeSim/Content/KiteDemo/Environments/GroundTiles/LeafyPath/T_GDC_Tiling_LeafPathStones_D_R.uasset" 21
"../../../TreeSim/Content/KiteDemo/Environments/GroundTiles/LeafyPath/T_GDC_Tiling_LeafPathStones_H.uasset" 22
"../../../TreeSim/Content/KiteDemo/Environments/GroundTiles/PebblyRiverbank/T_Tile_PebblyRiverbank_N.uasset" 23
"../../../TreeSim/Content/KiteDemo/Environments/GroundTiles/PebblyRiverbank/T_Tile_PebblyRiverbank_D_R.uasset" 24
"../../../TreeSim/Content/KiteDemo/Environments/GroundTiles/PebblyRiverbank/T_Tile_PebblyRiverbank_H.uasset" 25
"../../../TreeSim/Content/KiteDemo/Environments/GroundTiles/Grass/M_AssetPlatform_Grass.uasset" 26
"../../../Engine/Content/EngineMaterials/Good64x64TilingNoiseHighFreq.uasset" 27
"../../../Engine/Content/Functions/Engine_MaterialFunctions01/WorldPositionOffset/SimpleGrassWind.uasset" 28
"../../../Engine/Content/Functions/Engine_MaterialFunctions02/ObjectLocalToWorldData.uasset" 29
"../../../Engine/Content/Functions/Engine_MaterialFunctions02/WorldPositionOffset/ObjectScale.uasset" 30
"../../../Engine/Content/Functions/Engine_MaterialFunctions02/PivotPainter/PivotPainter_PerObjectData.uasset" 31
"../../../Engine/Content/Functions/Engine_MaterialFunctions02/WorldPositionOffset/Wind.uasset" 32
"../../../Engine/Content/Functions/Engine_MaterialFunctions02/PivotPainter/PivotPainter_PerObjectFoliageData.uasset" 33
"../../../TreeSim/Content/KiteDemo/Material/WorldCoords-XY.uasset" 34
"../../../TreeSim/Content/KiteDemo/Environments/Foliage/Ferns/T_Fern_01_D.uasset" 35
"../../../TreeSim/Content/KiteDemo/Environments/Foliage/Ferns/T_Fern_01_N.uasset" 36
"../../../TreeSim/Content/KiteDemo/Environments/Foliage/Ferns/T_Ice_Noise_N.uasset" 37
"../../../TreeSim/Content/KiteDemo/Environments/Foliage/Ferns/T_TilingNoise06_N.uasset" 38
"../../../TreeSim/Content/KiteDemo/Environments/Textures/T_Water_N.uasset" 39
"../../../TreeSim/Content/KiteDemo/Environments/Textures/T_Water_Screen_Noise_Soft2.uasset" 40
"../../../TreeSim/Content/KiteDemo/Environments/Foliage/Ferns/M_Fern_01.uasset" 41
"../../../TreeSim/Content/KiteDemo/Environments/Foliage/Ferns/SM_Fern_01.uasset" 42
"../../../TreeSim/Content/KiteDemo/Environments/Textures/T_Water_Screen_Noise_Soft.uasset" 43
"../../../TreeSim/Content/KiteDemo/Environments/Foliage/Ferns/M_Fern_01_Inst.uasset" 44
"../../../TreeSim/Content/KiteDemo/Environments/Foliage/Ferns/SM_Fern_02.uasset" 45
"../../../TreeSim/Content/KiteDemo/Environments/Foliage/Ferns/SM_Fern_03.uasset" 46
"../../../Engine/Content/Functions/Engine_MaterialFunctions01/Gradient/LinearGradient.uasset" 47
"../../../Engine/Content/Functions/Engine_MaterialFunctions01/ImageAdjustment/CheapContrast.uasset" 48
"../../../Engine/Content/Functions/Engine_MaterialFunctions02/Texturing/ScreenAlignedPixelToPixelUVs.uasset" 49
"../../../Engine/Content/Functions/Engine_MaterialFunctions02/Utility/DitherTemporalAA.uasset" 50
"../../../TreeSim/Content/KiteDemo/Environments/Foliage/Flowers/Buttercup/T_Buttercup_Patch_01_D.uasset" 51
"../../../TreeSim/Content/KiteDemo/Environments/Foliage/Flowers/Buttercup/T_Buttercup_Patch_01_M.uasset" 52
"../../../TreeSim/Content/KiteDemo/Environments/Foliage/Flowers/FieldScabious/T_SwirlNoise.uasset" 53
"../../../TreeSim/Content/KiteDemo/Environments/Foliage/Flowers/Buttercup/M_Buttercup_Patch_01.uasset" 54
"../../../TreeSim/Content/KiteDemo/Environments/Foliage/Flowers/Buttercup/M_Buttercup_Patch_01_Inst_NoWPO.uasset" 55
"../../../TreeSim/Content/KiteDemo/Environments/Foliage/Flowers/Buttercup/SM_Buttercup_Patch_01.uasset" 56
"../../../Engine/Content/Functions/Engine_MaterialFunctions02/Math/CreateThirdOrthogonalVector.uasset" 57
"../../../Engine/Content/Functions/Engine_MaterialFunctions02/Utility/BreakOutFloat3Components.uasset" 58
"../../../Engine/Content/Functions/Engine_MaterialFunctions02/Math/Transform3x3Matrix.uasset" 59
"../../../Engine/Content/Functions/Engine_MaterialFunctions02/TangentBasis.uasset" 60
"../../../Engine/Content/Functions/Engine_MaterialFunctions02/Utility/BlendAngleCorrectedNormals.uasset" 61
"../../../Engine/Content/Functions/Engine_MaterialFunctions02/Utility/VectorLength.uasset" 62
"../../../Engine/Content/Functions/Engine_MaterialFunctions01/WorldPositionOffset/SplineThicken.uasset" 63
"../../../TreeSim/Content/KiteDemo/Environments/Foliage/Flowers/FieldScabious/T_FieldScabious01_D.uasset" 64
"../../../TreeSim/Content/KiteDemo/Environments/Foliage/Flowers/FieldScabious/T_FieldScabious01_M.uasset" 65
"../../../TreeSim/Content/KiteDemo/Environments/Foliage/Flowers/FieldScabious/T_FieldScabious01_N.uasset" 66
"../../../TreeSim/Content/KiteDemo/Environments/Foliage/Flowers/FieldScabious/M_FieldScabious_01.uasset" 67
"../../../TreeSim/Content/KiteDemo/Environments/Foliage/Flowers/FieldScabious/M_FieldScabious_01_Inst01.uasset" 68
"../../../TreeSim/Content/KiteDemo/Environments/Foliage/Flowers/FieldScabious/M_FieldScabious_01_Inst02.uasset" 69
"../../../TreeSim/Content/KiteDemo/Environments/Foliage/Flowers/FieldScabious/SM_FieldScabious_01.uasset" 70
"../../../Engine/Content/Functions/Engine_MaterialFunctions02/Utility/BreakOutFloat2Components.uasset" 71
"../../../TreeSim/Content/KiteDemo/Environments/Foliage/Flowers/Heather/T_HeatherBranch4_D.uasset" 72
"../../../TreeSim/Content/KiteDemo/Environments/Foliage/Flowers/Heather/T_HeatherBranch4_Mask2.uasset" 73
"../../../TreeSim/Content/KiteDemo/Environments/Foliage/Flowers/Heather/T_HeatherBranch4_N.uasset" 74
"../../../TreeSim/Content/KiteDemo/Environments/Foliage/Flowers/Heather/T_Ice_Noise.uasset" 75
"../../../TreeSim/Content/KiteDemo/Environments/Foliage/Flowers/Heather/M_HeatherNew_Master.uasset" 76
"../../../TreeSim/Content/KiteDemo/Environments/Textures/T_GDC_TilingRocks_01_DispMask.uasset" 77
"../../../TreeSim/Content/KiteDemo/Environments/Foliage/Flowers/Heather/M_HeatherPatches_Inst2.uasset" 78
"../../../TreeSim/Content/KiteDemo/Environments/Foliage/Flowers/Heather/SM_Heather_Mesh_Clumps2.uasset" 79
"../../../TreeSim/Content/KiteDemo/Environments/Textures/MPC_Terrain.uasset" 80
"../../../TreeSim/Content/KiteDemo/Environments/Foliage/Flowers/Heather/T_Grass_Blobby_Height_01.uasset" 81
"../../../TreeSim/Content/KiteDemo/Environments/Foliage/Flowers/Heather/M_HeatherNew_MasterWorldColorVarience.uasset" 82
"../../../TreeSim/Content/KiteDemo/Environments/Foliage/Flowers/Heather/M_HeatherPatches_Inst2_BrownPinkVairience.uasset" 83
"../../../TreeSim/Content/KiteDemo/Environments/Foliage/Flowers/Heather/M_HeatherPatches_Inst2_BrownPinkVairience_NoWind.uasset" 84
"../../../TreeSim/Content/KiteDemo/Environments/Foliage/Flowers/Heather/SM_Heather_Mesh_Clumps2_WorldPopulate.uasset" 85
"../../../TreeSim/Content/KiteDemo/Environments/Foliage/Flowers/Yarrow/T_Yarrow_D.uasset" 86
"../../../TreeSim/Content/KiteDemo/Environments/Foliage/Flowers/Yarrow/T_Yarrow_N.uasset" 87
"../../../TreeSim/Content/KiteDemo/Environments/Foliage/Flowers/Yarrow/M_Yarrow_Inst.uasset" 88
"../../../TreeSim/Content/KiteDemo/Environments/Foliage/Flowers/Yarrow/SM_Yarrow.uasset" 89
"../../../TreeSim/Content/KiteDemo/Environments/Foliage/Flowers/Yarrow/T_Yarrow_M.uasset" 90
"../../../TreeSim/Content/KiteDemo/Environments/Foliage/Flowers/Yarrow/M_Yarrow_PP_Wind_Inst.uasset" 91
"../../../TreeSim/Content/KiteDemo/Environments/Foliage/Flowers/Yarrow/SM_Yarrow3.uasset" 92
"../../../Engine/Content/EngineMaterials/FlatNormal.uasset" 93
"../../../Engine/Content/EngineResources/Black.uasset" 94
"../../../TreeSim/Content/KiteDemo/Textures/T_CliffRock_03_N.uasset" 95
"../../../TreeSim/Content/KiteDemo/Textures/T_CliffRockTile_03_D.uasset" 96
"../../../TreeSim/Content/KiteDemo/Material/M_Photoscan_Master.uasset" 97
"../../../TreeSim/Content/KiteDemo/Environments/Rocks/Boulder_05a/T_Boulder05_N.uasset" 98
"../../../TreeSim/Content/KiteDemo/Environments/Rocks/Boulder_05a/T_Boulder05_D_CC_R.uasset" 99
"../../../TreeSim/Content/KiteDemo/Environments/Rocks/Boulder_05a/MI_Boulder05a.uasset" 100
"../../../TreeSim/Content/KiteDemo/Environments/Rocks/Boulder_05a/SM_Boulder05a.uasset" 101
"../../../TreeSim/Content/KiteDemo/Environments/Rocks/GroundRevealRock001/T_GroundRevealRock001a_N.uasset" 102
"../../../TreeSim/Content/KiteDemo/Environments/Rocks/GroundRevealRock001/T_GroundRevealRock001a_D_CC_R.uasset" 103
"../../../TreeSim/Content/KiteDemo/Environments/Rocks/GroundRevealRock001/MI_GroundRevealRock001a.uasset" 104
"../../../TreeSim/Content/KiteDemo/Environments/Rocks/GroundRevealRock001/SM_GroundRevealRock001.uasset" 105
"../../../TreeSim/Content/KiteDemo/Environments/Rocks/Large_Volcanic_Rock_001/T_GDC_LargeVolcanicRock_001_N.uasset" 106
"../../../TreeSim/Content/KiteDemo/Environments/Rocks/Large_Volcanic_Rock_001/T_GDC_LargeVolcanicRock_001_D2_R.uasset" 107
"../../../TreeSim/Content/KiteDemo/Environments/Rocks/Large_Volcanic_Rock_001/MI_Large_VolcanicRock_002.uasset" 108
"../../../TreeSim/Content/KiteDemo/Environments/Rocks/Large_Volcanic_Rock_001/LargeVolcanicRock_004.uasset" 109
"../../../TreeSim/Content/KiteDemo/Environments/Rocks/Medium_Boulder_002/Medium_Boulder_002_N_4096.uasset" 110
"../../../TreeSim/Content/KiteDemo/Environments/Rocks/Medium_Boulder_002/Medium_Boulder_002_D_CC_R.uasset" 111
"../../../TreeSim/Content/KiteDemo/Environments/Rocks/Medium_Boulder_002/MI_MediumBoulder_002.uasset" 112
"../../../TreeSim/Content/KiteDemo/Environments/Rocks/Medium_Boulder_002/Medium_Boulder_LowPoly.uasset" 113
"../../../TreeSim/Content/KiteDemo/Environments/Rocks/Scree001/T_Scree_001_N.uasset" 114
"../../../TreeSim/Content/KiteDemo/Environments/Rocks/Scree001/T_Scree_001_D_CC.uasset" 115
"../../../TreeSim/Content/KiteDemo/Environments/Rocks/Scree001/MI_Scree_001_CC.uasset" 116
"../../../TreeSim/Content/KiteDemo/Environments/Rocks/Scree001/Scree_001.uasset" 117
"../../../TreeSim/Content/KiteDemo/Environments/Trees/Tree_Stump_01/D_Tree_Stump_01_N.uasset" 118
"../../../TreeSim/Content/KiteDemo/Environments/Trees/Tree_Stump_01/D_Tree_Stump_01_D_R.uasset" 119
"../../../TreeSim/Content/KiteDemo/Environments/Trees/Tree_Stump_01/MI_Tree_Stump_01.uasset" 120
"../../../TreeSim/Content/KiteDemo/Environments/Trees/Tree_Stump_01/Tree_Stump_01.uasset" 121
"../../../TreeSim/Content/KiteDemo/Environments/Trees/Vegetation_Debris_002/T_Vegetation_Debris_002_N.uasset" 122
"../../../TreeSim/Content/KiteDemo/Environments/Trees/Vegetation_Debris_002/T_Vegetation_Debris_002_D_R.uasset" 123
"../../../TreeSim/Content/KiteDemo/Environments/Trees/Vegetation_Debris_002/MI_Vegetation_Debris_002.uasset" 124
"../../../TreeSim/Content/KiteDemo/Environments/Trees/Vegetation_Debris_002/SM_Vegetation_Debris_002.uasset" 125
"../../../TreeSim/Content/KiteDemo/LevelContent/Architecture/SM_AssetPlatform_02.uasset" 126
"../../../TreeSim/Content/StarterContent/HDRI/HDRI_Epic_Courtyard_Daylight.uasset" 127
"../../../TreeSim/Content/StarterContent/Maps/Minimal_Default.umap" 128
"../../../Engine/Content/EngineFonts/Roboto.uasset" 129
"../../../Engine/Content/Functions/Engine_MaterialFunctions01/Shading/PowerToRoughness.uasset" 130
"../../../Engine/Content/EngineMaterials/DefaultDiffuse.uasset" 131
"../../../Engine/Content/EngineMaterials/DefaultDeferredDecalMaterial.uasset" 132
"../../../Engine/Content/EngineMaterials/DefaultLightFunctionMaterial.uasset" 133
"../../../Engine/Content/EngineMaterials/DefaultPostProcessMaterial.uasset" 134
"../../../Engine/Content/EngineResources/DefaultTexture.uasset" 135
"../../../Engine/Content/Functions/Engine_MaterialFunctions02/Texturing/ScreenAlignedUVs.uasset" 136
"../../../Engine/Content/EngineResources/WhiteSquareTexture.uasset" 137
"../../../Engine/Content/EngineMaterials/Widget3DPassThrough.uasset" 138
"../../../Engine/Content/EngineMaterials/Widget3DPassThrough_Translucent.uasset" 139
"../../../Engine/Content/EngineMaterials/Widget3DPassThrough_Translucent_OneSided.uasset" 140
"../../../Engine/Content/EngineMaterials/Widget3DPassThrough_Opaque.uasset" 141
"../../../Engine/Content/EngineMaterials/Widget3DPassThrough_Opaque_OneSided.uasset" 142
"../../../Engine/Content/EngineMaterials/Widget3DPassThrough_Masked.uasset" 143
"../../../Engine/Content/EngineMaterials/Widget3DPassThrough_Masked_OneSided.uasset" 144
"../../../Engine/Content/EditorResources/S_Actor.uasset" 145
"../../../Engine/Content/EditorResources/S_Emitter.uasset" 146
"../../../Engine/Content/EditorResources/Bad.uasset" 147
"../../../Engine/Content/EditorResources/Bkgnd.uasset" 148
"../../../Engine/Content/EditorResources/BkgndHi.uasset" 149
"../../../Engine/Content/EditorMeshes/EditorCube.uasset" 150
"../../../Engine/Content/EditorMeshes/EditorSphere.uasset" 151
"../../../Engine/Content/EditorMeshes/EditorPlane.uasset" 152
"../../../Engine/Content/EditorMeshes/EditorCylinder.uasset" 153
"../../../Engine/Content/Maps/Templates/Thumbnails/Default.uasset" 154
"../../../Engine/Content/EditorMeshes/EditorSkySphere.uasset" 155
"../../../Engine/Content/EngineMaterials/Grid.uasset" 156
"../../../Engine/Content/EditorMaterials/Thumbnails/FloorPlaneMaterial.uasset" 157
"../../../Engine/Content/EditorMaterials/ParticleSystems/PSysThumbnail_NoImage.uasset" 158
"../../../Engine/Content/EditorMaterials/ParticleSystems/PSysThumbnail_OOD.uasset" 159
"../../../Engine/Content/EditorResources/S_DecalActorIcon.uasset" 160
"../../../Engine/Content/EditorLandscapeResources/LandscapeGizmo_Mat.uasset" 161
"../../../Engine/Content/EditorLandscapeResources/LandscapeGizmo_Mat_Copied.uasset" 162
"../../../Engine/Content/EditorLandscapeResources/LandscapeGizmoHeight_Mat.uasset" 163
"../../../Engine/Content/EditorLandscapeResources/DataLayer.uasset" 164
"../../../Engine/Content/EditorResources/S_Terrain.uasset" 165
"../../../Engine/Content/EditorLandscapeResources/SplineEditorMeshMat.uasset" 166
"../../../Engine/Content/EditorLandscapeResources/SplineEditorMesh.uasset" 167
"../../../Engine/Content/EditorResources/MatineeCam_D.uasset" 168
"../../../Engine/Content/EditorMaterials/MatineeCam_mat.uasset" 169
"../../../Engine/Content/EditorMeshes/MatineeCam_SM.uasset" 170
"../../../Engine/Content/Functions/Engine_MaterialFunctions02/Utility/Sign.uasset" 171
"../../../Engine/Content/Functions/Engine_MaterialFunctions02/Utility/Round.uasset" 172
"../../../Engine/Content/Functions/Engine_MaterialFunctions02/ExampleContent/Textures/flipbook.uasset" 173
"../../../Engine/Content/Functions/Engine_MaterialFunctions02/Texturing/FlipBook.uasset" 174
"../../../Engine/Content/EditorResources/T_EditorHelp.uasset" 175
"../../../Engine/Content/EditorMaterials/HelpActorMaterial.uasset" 176
"../../../Engine/Content/EditorResources/S_ExpoHeightFog.uasset" 177
"../../../Engine/Content/EditorResources/S_NavP.uasset" 178
"../../../Engine/Content/EditorResources/S_Player.uasset" 179
"../../../Engine/Content/EditorResources/LightIcons/SkyLight.uasset" 180
"../../../Engine/Content/EditorResources/S_WindDirectional.uasset" 181
"../../../Engine/Content/EngineDamageTypes/DmgTypeBP_Environmental.uasset" 182
"../../../Engine/Content/EditorResources/LightIcons/S_LightDirectional.uasset" 183
"../../../Engine/Content/EditorResources/LightIcons/S_LightDirectionalMove.uasset" 184
"../../../Engine/Content/EditorResources/LightIcons/S_LightPoint.uasset" 185
"../../../Engine/Content/EditorResources/LightIcons/S_LightPointMove.uasset" 186
"../../../Engine/Content/EditorResources/LightIcons/S_LightSpot.uasset" 187
"../../../Engine/Content/EditorResources/LightIcons/S_LightSpotMove.uasset" 188
"../../../Engine/Content/EditorResources/MatInstActSprite.uasset" 189
"../../../Engine/Content/EditorResources/SceneManager.uasset" 190
"../../../Engine/Content/EditorResources/AI/S_NavLink.uasset" 191
"../../../Engine/Content/EditorResources/S_Note.uasset" 192
"../../../Engine/Content/EngineMeshes/Sphere.uasset" 193
"../../../Engine/Content/EditorResources/S_ReflActorIcon.uasset" 194
"../../../Engine/Content/EditorResources/S_Thruster.uasset" 195
"../../../Engine/Content/EditorResources/S_RadForce.uasset" 196
"../../../Engine/Content/EditorMaterials/TargetIcon.uasset" 197
"../../../Engine/Content/EngineFonts/RobotoDistanceField.uasset" 198
"../../../Engine/Content/EngineMaterials/DefaultTextMaterialOpaque.uasset" 199
"../../../Engine/Content/EditorResources/S_TextRenderActorIcon.uasset" 200
"../../../Engine/Content/EditorResources/S_Trigger.uasset" 201
"../../../Engine/Content/EditorResources/S_VectorFieldVol.uasset" 202
"../../../Engine/Content/EngineResources/GradientTexture0.uasset" 203
"../../../Engine/Content/EditorMaterials/MatineeGroups/MAT_Groups_Float.uasset" 204
"../../../Engine/Content/EditorMaterials/MatineeGroups/MAT_Groups_Director.uasset" 205
"../../../Engine/Content/EditorMaterials/MatineeGroups/MAT_Groups_Event.uasset" 206
"../../../Engine/Content/EditorMaterials/MatineeGroups/MAT_Groups_Anim.uasset" 207
"../../../Engine/Content/EditorMaterials/MatineeGroups/MAT_Groups_Fade.uasset" 208
"../../../Engine/Content/EditorMaterials/MatineeGroups/MAT_Groups_Move.uasset" 209
"../../../Engine/Content/EditorMaterials/MatineeGroups/MAT_Groups_Slomo.uasset" 210
"../../../Engine/Content/EditorMaterials/MatineeGroups/MAT_ColorTrack.uasset" 211
"../../../Engine/Content/EditorMaterials/MAT_Groups_Toggle.uasset" 212
"../../../Engine/Content/EditorMaterials/MatineeGroups/MAT_Groups_AudioMaster.uasset" 213
"../../../Engine/Content/EditorMaterials/MatineeGroups/MAT_Groups_Sound.uasset" 214
"../../../Engine/Content/EditorMaterials/MatineeGroups/MAT_Groups_Vector.uasset" 215
"../../../Engine/Content/EditorMaterials/MAT_Groups_Visibility.uasset" 216
"../../../Engine/Content/EngineResources/DefaultTextureCube.uasset" 217
"../../../Engine/Content/EngineMaterials/DefaultMaterial.uasset" 218
"../../../Engine/Content/EngineMeshes/Cylinder.uasset" 219
"../../../Engine/Content/EngineTireTypes/DefaultTireType.uasset" 220
"../../../Engine/Content/EditorResources/S_FTest.uasset" 221
"../../../Engine/Content/EngineResources/AICON-Red.uasset" 222
"../../../Engine/Content/EngineResources/AICON-Green.uasset" 223
"../../../Engine/Plugins/2D/Paper2D/Content/PlaceholderTextures/DummySpriteTexture.uasset" 224
"../../../Engine/Plugins/2D/Paper2D/Content/DefaultSpriteMaterial.uasset" 225
"../../../Engine/Plugins/2D/Paper2D/Content/MaskedUnlitSpriteMaterial.uasset" 226
"../../../Engine/Plugins/2D/Paper2D/Content/OpaqueUnlitSpriteMaterial.uasset" 227
"../../../Engine/Plugins/2D/Paper2D/Content/DummySprite.uasset" 228
"../../../Engine/Plugins/2D/Paper2D/Content/DefaultPaperTerrainMaterial.uasset" 229
"../../../Engine/Content/EditorSounds/Notifications/CompileSuccess.uasset" 230
"../../../Engine/Content/EditorSounds/Notifications/CompileStart_Cue.uasset" 231
"../../../Engine/Content/EditorSounds/Notifications/CompileSuccess_Cue.uasset" 232
"../../../Engine/Content/EditorSounds/Notifications/CompileFailed.uasset" 233
"../../../Engine/Content/EditorSounds/Notifications/CompileFailed_Cue.uasset" 234
"../../../Engine/Content/BufferVisualization/BaseColor.uasset" 235
"../../../Engine/Content/BufferVisualization/CustomDepth.uasset" 236
"../../../Engine/Content/Functions/Engine_MaterialFunctions02/Utility/MakeFloat2.uasset" 237
"../../../Engine/Content/Functions/Engine_MaterialFunctions02/Utility/MakeFloat3.uasset" 238
"../../../Engine/Content/EngineMaterials/MiniFont.uasset" 239
"../../../Engine/Content/BufferVisualization/CustomStencil.uasset" 240
"../../../Engine/Content/BufferVisualization/DecalMask.uasset" 241
"../../../Engine/Content/BufferVisualization/FinalImage.uasset" 242
"../../../Engine/Content/BufferVisualization/LightingModel.uasset" 243
"../../../Engine/Content/BufferVisualization/MaterialAO.uasset" 244
"../../../Engine/Content/BufferVisualization/Metallic.uasset" 245
"../../../Engine/Content/BufferVisualization/Opacity.uasset" 246
"../../../Engine/Content/BufferVisualization/Roughness.uasset" 247
"../../../Engine/Content/BufferVisualization/SceneColor.uasset" 248
"../../../Engine/Content/BufferVisualization/SceneDepth.uasset" 249
"../../../Engine/Content/BufferVisualization/SeparateTranslucencyRGB.uasset" 250
"../../../Engine/Content/BufferVisualization/SeparateTranslucencyA.uasset" 251
"../../../Engine/Content/BufferVisualization/Specular.uasset" 252
"../../../Engine/Content/BufferVisualization/SubsurfaceColor.uasset" 253
"../../../Engine/Content/BufferVisualization/WorldNormal.uasset" 254
"../../../Engine/Content/EngineMaterials/DefaultPhysicalMaterial.uasset" 255
"../../../Engine/Content/BufferVisualization/AmbientOcclusion.uasset" 256
"../../../Engine/Content/BufferVisualization/CustomDepthWorldUnits.uasset" 257
"../../../Engine/Content/BufferVisualization/SceneDepthWorldUnits.uasset" 258
"../../../Engine/Plugins/Runtime/LeapMotionController/Content/LM_CapsuleMesh.uasset" 259
"../../../Engine/Plugins/Runtime/LeapMotionController/Content/LM_TorusMesh.uasset" 260
"../../../Engine/Plugins/Runtime/LeapMotionController/Content/LM_HandColor.uasset" 261
"../../../Engine/Plugins/Runtime/LeapMotionController/Content/LM_SampleDistortion.uasset" 262
"../../../Engine/Plugins/Runtime/LeapMotionController/Content/LM_TestTexture.uasset" 263
"../../../Engine/Plugins/Runtime/LeapMotionController/Content/LM_PassthroughMaterial.uasset" 264
"../../../Engine/Content/BasicShapes/Cube.uasset" 265
"../../../Engine/Content/EngineMaterials/HighResolutionScreenshotMaskFunction.uasset" 266
"../../../Engine/Content/EngineMaterials/HighResScreenshot.uasset" 267
"../../../Engine/Content/EngineMaterials/HighResScreenshotMask.uasset" 268
"../../../Engine/Content/EngineMaterials/HighResScreenshotCaptureRegion.uasset" 269
"../../../Engine/Content/EngineDebugMaterials/WireframeMaterial.uasset" 270
"../../../Engine/Content/Functions/Engine_MaterialFunctions01/Shading/ConvertFromDiffSpec.uasset" 271
"../../../Engine/Content/EngineDebugMaterials/LevelColorationLitMaterial.uasset" 272
"../../../Engine/Content/EngineDebugMaterials/LevelColorationUnlitMaterial.uasset" 273
"../../../Engine/Content/EngineMaterials/DefaultWhiteGrid.uasset" 274
"../../../Engine/Content/EngineDebugMaterials/MAT_LevelColorationLitLightmapUV.uasset" 275
"../../../Engine/Content/EngineDebugMaterials/ShadedLevelColorationLitMaterial.uasset" 276
"../../../Engine/Content/EngineDebugMaterials/ShadedLevelColorationUnlitMateri.uasset" 277
"../../../Engine/Content/EngineDebugMaterials/VertexColorMaterial.uasset" 278
"../../../Engine/Content/EngineDebugMaterials/VertexColorViewMode_ColorOnly.uasset" 279
"../../../Engine/Content/EngineDebugMaterials/VertexColorViewMode_AlphaAsColor.uasset" 280
"../../../Engine/Content/EngineDebugMaterials/VertexColorViewMode_RedOnly.uasset" 281
"../../../Engine/Content/EngineDebugMaterials/VertexColorViewMode_GreenOnly.uasset" 282
"../../../Engine/Content/EngineDebugMaterials/VertexColorViewMode_BlueOnly.uasset" 283
"../../../Engine/Content/EngineMaterials/RemoveSurfaceMaterial.uasset" 284
"../../../Engine/Content/EngineDebugMaterials/DebugMeshMaterial.uasset" 285
"../../../Engine/Content/EngineMaterials/InvalidLightmapSettings.uasset" 286
"../../../Engine/Content/EngineMaterials/M_InvalidLightmapSettings.uasset" 287
"../../../Engine/Content/EditorMaterials/GizmoMaterial.uasset" 288
"../../../Engine/Content/EngineDebugMaterials/GeomMaterial.uasset" 289
"../../../Engine/Content/EngineMaterials/EditorBrushMaterial.uasset" 290
"../../../Engine/Content/EngineDebugMaterials/HeatmapGradient.uasset" 291
"../../../Engine/Content/EngineDebugMaterials/BoneWeightMaterial.uasset" 292
"../../../Engine/Content/EditorMaterials/PreviewShadowIndicator.uasset" 293
"../../../Engine/Content/EditorMaterials/PreviewShadowIndicatorMaterial.uasset" 294
"../../../Engine/Content/EditorMaterials/PhAT_JointLimitMaterial.uasset" 295
"../../../Engine/Content/EditorResources/BSPVertex.uasset" 296
"../../../Engine/Content/EngineMaterials/DefaultBokeh.uasset" 297
"../../../Engine/Content/EngineMaterials/PreintegratedSkinBRDF.uasset" 298
"../../../Engine/Content/EngineMaterials/WeightMapPlaceholderTexture.uasset" 299
"../../../Engine/Content/EngineFonts/RobotoTiny.uasset" 300
"../../../Engine/Content/Tutorial/Foliage/TutorialAssets/Foliage.uasset" 301
"../../../Engine/Content/Tutorial/Foliage/Foliage_Intro_Tutorial.uasset" 302
"../../../Engine/Content/Tutorial/Basics/TutorialAssets/icon_tab_Levels_40x.uasset" 303
"../../../Engine/Content/Tutorial/Basics/LevelEditorOverview.uasset" 304
"../../../Engine/Content/Tutorial/Landscape/TutorialAssets/Landscape.uasset" 305
"../../../Engine/Content/Tutorial/Landscape/Landscape_Manage_Mode.uasset" 306
"../../../Engine/Content/Tutorial/Basics/LevelEditorAttract.uasset" 307
"../../../Engine/Content/Tutorial/BlueprintTutorials/TutorialAssets/Blueprint_64x.uasset" 308
"../../../Engine/Content/Tutorial/BlueprintTutorials/LevelBlueprintEditorOverview.uasset" 309
"../../../Engine/Content/Tutorial/BlueprintTutorials/BlueprintEditorTutorial.uasset" 310
"../../../Engine/Content/Tutorial/SubEditors/StaticMeshEditorTutorial.uasset" 311
"../../../Engine/Content/Tutorial/ContentIntroCurve.uasset" 312
"../../../Engine/Content/EditorMaterials/Cross.uasset" 313
"../../../Engine/Content/EditorMaterials/Cross_Mat.uasset" 314
"../../../Engine/Content/EditorMaterials/PhAT_BoneSelectedMaterial.uasset" 315
"../../../Engine/Content/EditorMaterials/PhAT_ElemSelectedMaterial.uasset" 316
"../../../Engine/Content/EditorMaterials/PhAT_NoCollisionMaterial.uasset" 317
"../../../Engine/Content/EditorMaterials/PhAT_UnselectedMaterial.uasset" 318
"../../../Engine/Content/EditorMaterials/Tick.uasset" 319
"../../../Engine/Content/EditorMaterials/Tick_Mat.uasset" 320
"../../../Engine/Content/EditorMaterials/WidgetGridVertexColorMaterial.uasset" 321
"../../../Engine/Content/EditorMaterials/WidgetGridVertexColorMaterial_Ma.uasset" 322
"../../../Engine/Content/EditorMaterials/WidgetMaterial.uasset" 323
"../../../Engine/Content/EditorMaterials/WidgetMaterial_Current.uasset" 324
"../../../Engine/Content/EditorMaterials/WidgetMaterial_X.uasset" 325
"../../../Engine/Content/EditorMaterials/WidgetMaterial_Y.uasset" 326
"../../../Engine/Content/EditorMaterials/WidgetMaterial_Z.uasset" 327
"../../../Engine/Content/EditorMaterials/WidgetVertexColorMaterial.uasset" 328
"../../../Engine/Content/EditorMaterials/CompositeARGBLayer.uasset" 329
"../../../Engine/Content/EditorMaterials/TilingAALineIntegral.uasset" 330
"../../../Engine/Content/EditorMaterials/TilingAALineBoxFiltered.uasset" 331
"../../../Engine/Content/Functions/Engine_MaterialFunctions03/Procedurals/ComputeFilterWidth.uasset" 332
"../../../Engine/Content/EditorMaterials/TilingAADots.uasset" 333
"../../../Engine/Content/EditorMaterials/Cascade/CASC_Cross.uasset" 334
"../../../Engine/Content/EditorMaterials/Cascade/CASC_None.uasset" 335
"../../../Engine/Content/Functions/Engine_MaterialFunctions03/Blends/Blend_Screen.uasset" 336
"../../../Engine/Content/EditorMaterials/TilingAAGrid.uasset" 337
"../../../Engine/Content/EditorMaterials/LevelGridMaterial.uasset" 338
"../../../Engine/Content/EditorResources/SmallFont.uasset" 339
"../../../Engine/Content/EditorResources/S_KBSJoint.uasset" 340
"../../../Engine/Content/EditorResources/S_KHinge.uasset" 341
"../../../Engine/Content/EditorResources/S_KPrismatic.uasset" 342
"../../../Engine/Content/EditorResources/LightIcons/S_LightError.uasset" 343
"../../../Engine/Content/EditorResources/Spline/T_Loft_Spline.uasset" 344
"../../../Engine/Content/EngineMaterials/BlinkingCaret.uasset" 345
"../../../Engine/Content/EngineMaterials/DefaultNormal.uasset" 346
"../../../Engine/Content/EngineMaterials/Grid_N.uasset" 347
"../../../Engine/Content/EngineMaterials/LandscapeHolePhysicalMaterial.uasset" 348
"../../../Engine/Content/EngineMaterials/PaperDiffuse.uasset" 349
"../../../Engine/Content/EngineMaterials/PaperNormal.uasset" 350
"../../../Engine/Content/EngineMaterials/PhysMat_Rubber.uasset" 351
"../../../Engine/Content/EngineFonts/SmallFont.uasset" 352
"../../../Engine/Content/EngineFonts/TinyFont.uasset" 353
"../../../Engine/Content/EngineResources/StreamingPauseIcon.uasset" 354
"../../../Engine/Content/EngineResources/M_StreamingPause.uasset" 355
"../../../Engine/Content/EditorLandscapeResources/DefaultAlphaTexture.uasset" 356
"../../../Engine/Content/MobileResources/HUD/MobileHUDButton3.uasset" 357
"../../../Engine/Content/MobileResources/HUD/MobileHUDButton1_off.uasset" 358
"../../../Engine/Content/MobileResources/HUD/MobileHUDDirectionPad3.uasset" 359
"../../../Engine/Content/MobileResources/T_MobileMenu2.uasset" 360
"../../../Engine/Content/MobileResources/HUD/MobileHUDButton2_off.uasset" 361
"../../../Engine/Content/MobileResources/HUD/MobileHUDDirectionPad.uasset" 362
"../../../Engine/Content/MobileResources/HUD/T_Castle_ThumbstickInner.uasset" 363
"../../../Engine/Content/EditorSounds/GamePreview/EndPlayInEditor.uasset" 364
"../../../Engine/Content/EditorSounds/GamePreview/EndPlayInEditor_Cue.uasset" 365
"../../../Engine/Content/EditorSounds/GamePreview/StartPlayInEditor.uasset" 366
"../../../Engine/Content/EditorSounds/GamePreview/StartPlayInEditor_Cue.uasset" 367
"../../../Engine/Content/MobileResources/T_MobileControls_texture.uasset" 368
"../../../Engine/Content/MobileResources/HUD/AnalogHat.uasset" 369
"../../../Engine/Content/MobileResources/HUD/VirtualJoystick_Background.uasset" 370
"../../../Engine/Content/MobileResources/HUD/VirtualJoystick_Thumb.uasset" 371
"../../../Engine/Content/MobileResources/HUD/DefaultVirtualJoysticks.uasset" 372
"../../../Engine/Content/MobileResources/HUD/LeftVirtualJoystickOnly.uasset" 373
"../../../Engine/Content/MobileResources/HUD/MobileHUDButton1_on.uasset" 374
"../../../Engine/Content/MobileResources/HUD/MobileHUDButton2_on.uasset" 375
"../../../Engine/Content/MobileResources/HUD/MobileHUDButtonFire.uasset" 376
"../../../Engine/Content/MobileResources/HUD/MobileHUDDirectionPad2.uasset" 377
"../../../Engine/Content/MobileResources/HUD/MobileHUDDirectionStick.uasset" 378
"../../../Engine/Content/MobileResources/HUD/T_Castle_ThumbstickOutter.uasset" 379
"../../../Engine/Content/EditorResources/EmptyActor.uasset" 380
"../../../Engine/Content/BasicShapes/Sphere.uasset" 381
"../../../Engine/Content/BasicShapes/Cylinder.uasset" 382
"../../../Engine/Content/BasicShapes/Cone.uasset" 383
"../../../Engine/Content/EditorMaterials/MakeCompositeARGBLayer.uasset" 384
"../../../Engine/Content/EditorResources/LevelGrid1DStripes.uasset" 385
"../../../Engine/Content/EditorMaterials/TextureGridCascaded1D.uasset" 386
"../../../Engine/Content/EditorMaterials/TextureGridCascaded2D.uasset" 387
"../../../Engine/Content/EditorMaterials/LevelGridMaterial2.uasset" 388
